0 info it worked if it ends with ok
1 verbose cli [ 'node', '/usr/local/bin/npm', 'install', '-g', 'nodemon' ]
2 info using npm@1.1.59
3 info using node@v0.8.8
4 verbose read json /usr/local/lib/package.json
5 verbose read json /usr/local/lib/package.json
6 verbose cache add [ 'nodemon', null ]
7 silly cache add name=undefined spec="nodemon" args=["nodemon",null]
8 verbose parsed url { pathname: 'nodemon', path: 'nodemon', href: 'nodemon' }
9 silly lockFile 1625b929-nodemon nodemon
10 verbose lock nodemon /Users/Robert/.npm/1625b929-nodemon.lock
11 silly lockFile 1625b929-nodemon nodemon
12 verbose addNamed [ 'nodemon', '' ]
13 verbose addNamed [ null, '' ]
14 silly lockFile 4f5e51c6-nodemon nodemon@
15 verbose lock nodemon@ /Users/Robert/.npm/4f5e51c6-nodemon.lock
16 silly addNameRange { name: 'nodemon', range: '', hasData: false }
17 verbose url raw nodemon
18 verbose url resolving [ 'https://registry.npmjs.org/', './nodemon' ]
19 verbose url resolved https://registry.npmjs.org/nodemon
20 info retry registry request attempt 1 at 10:11:26
21 http GET https://registry.npmjs.org/nodemon
22 http 200 https://registry.npmjs.org/nodemon
23 silly registry.get cb [ 200,
23 silly registry.get   { vary: 'Accept',
23 silly registry.get     server: 'CouchDB/1.2.1 (Erlang OTP/R15B03)',
23 silly registry.get     etag: '"47B1ANW8DOJ8142RPGWK6WN09"',
23 silly registry.get     date: 'Sun, 07 Apr 2013 08:11:21 GMT',
23 silly registry.get     'content-type': 'application/json',
23 silly registry.get     'content-length': '267261' } ]
24 silly addNameRange number 2 { name: 'nodemon', range: '', hasData: true }
25 silly addNameRange versions [ 'nodemon',
25 silly addNameRange   [ '0.1.4',
25 silly addNameRange     '0.1.5',
25 silly addNameRange     '0.1.6',
25 silly addNameRange     '0.1.7',
25 silly addNameRange     '0.1.8',
25 silly addNameRange     '0.2.0',
25 silly addNameRange     '0.2.1',
25 silly addNameRange     '0.2.2',
25 silly addNameRange     '0.3.0',
25 silly addNameRange     '0.3.1',
25 silly addNameRange     '0.3.2',
25 silly addNameRange     '0.4.0',
25 silly addNameRange     '0.4.1',
25 silly addNameRange     '0.5.0',
25 silly addNameRange     '0.5.1',
25 silly addNameRange     '0.5.2',
25 silly addNameRange     '0.5.3',
25 silly addNameRange     '0.5.4',
25 silly addNameRange     '0.5.5',
25 silly addNameRange     '0.5.6',
25 silly addNameRange     '0.5.7',
25 silly addNameRange     '0.6.0',
25 silly addNameRange     '0.6.1',
25 silly addNameRange     '0.6.2',
25 silly addNameRange     '0.6.3',
25 silly addNameRange     '0.6.4',
25 silly addNameRange     '0.6.5',
25 silly addNameRange     '0.6.6',
25 silly addNameRange     '0.6.7',
25 silly addNameRange     '0.6.8',
25 silly addNameRange     '0.6.9',
25 silly addNameRange     '0.6.10',
25 silly addNameRange     '0.6.10a',
25 silly addNameRange     '0.6.11',
25 silly addNameRange     '0.6.12',
25 silly addNameRange     '0.6.13',
25 silly addNameRange     '0.6.14',
25 silly addNameRange     '0.6.15',
25 silly addNameRange     '0.6.16',
25 silly addNameRange     '0.6.17',
25 silly addNameRange     '0.6.18',
25 silly addNameRange     '0.6.19',
25 silly addNameRange     '0.6.20',
25 silly addNameRange     '0.6.21',
25 silly addNameRange     '0.6.22',
25 silly addNameRange     '0.6.23',
25 silly addNameRange     '0.7.0',
25 silly addNameRange     '0.7.1',
25 silly addNameRange     '0.7.2',
25 silly addNameRange     '0.7.3',
25 silly addNameRange     '0.7.4',
25 silly addNameRange     '0.7.5',
25 silly addNameRange     '0.7.6' ] ]
26 verbose addNamed [ 'nodemon', '0.7.6' ]
27 verbose addNamed [ '0.7.6', '0.7.6' ]
28 silly lockFile 44bdb9d0-nodemon-0-7-6 nodemon@0.7.6
29 verbose lock nodemon@0.7.6 /Users/Robert/.npm/44bdb9d0-nodemon-0-7-6.lock
30 silly lockFile e4b60e85-js-org-nodemon-nodemon-0-7-6-tgz https://registry.npmjs.org/nodemon/-/nodemon-0.7.6.tgz
31 verbose lock https://registry.npmjs.org/nodemon/-/nodemon-0.7.6.tgz /Users/Robert/.npm/e4b60e85-js-org-nodemon-nodemon-0-7-6-tgz.lock
32 verbose addRemoteTarball [ 'https://registry.npmjs.org/nodemon/-/nodemon-0.7.6.tgz',
32 verbose addRemoteTarball   'ae61bf93c129573e3a6870550f46e04fb0783f5a' ]
33 info retry fetch attempt 1 at 10:11:29
34 verbose fetch to= /var/folders/z7/743g4tt127vb0jzpx0z5gp8c0000gn/T/npm-30206/1365322289593-0.6233046490233392/tmp.tgz
35 http GET https://registry.npmjs.org/nodemon/-/nodemon-0.7.6.tgz
36 http 200 https://registry.npmjs.org/nodemon/-/nodemon-0.7.6.tgz
37 silly shasum updated bytes 12253
38 info shasum ae61bf93c129573e3a6870550f46e04fb0783f5a
38 info shasum /var/folders/z7/743g4tt127vb0jzpx0z5gp8c0000gn/T/npm-30206/1365322289593-0.6233046490233392/tmp.tgz
39 verbose tar unpack /var/folders/z7/743g4tt127vb0jzpx0z5gp8c0000gn/T/npm-30206/1365322289593-0.6233046490233392/tmp.tgz
40 silly lockFile c64e2f6f-89593-0-6233046490233392-package /var/folders/z7/743g4tt127vb0jzpx0z5gp8c0000gn/T/npm-30206/1365322289593-0.6233046490233392/package
41 verbose lock /var/folders/z7/743g4tt127vb0jzpx0z5gp8c0000gn/T/npm-30206/1365322289593-0.6233046490233392/package /Users/Robert/.npm/c64e2f6f-89593-0-6233046490233392-package.lock
42 silly gunzTarPerm modes [ '777', '666' ]
43 silly gunzTarPerm extractEntry package.json
44 silly gunzTarPerm modified mode [ 'package.json', 420, 438 ]
45 silly gunzTarPerm extractEntry .npmignore
46 silly gunzTarPerm modified mode [ '.npmignore', 420, 438 ]
47 silly gunzTarPerm extractEntry README.md
48 silly gunzTarPerm modified mode [ 'README.md', 420, 438 ]
49 silly gunzTarPerm extractEntry nodemon.js
50 silly gunzTarPerm modified mode [ 'nodemon.js', 493, 511 ]
51 silly gunzTarPerm extractEntry faq.md
52 silly gunzTarPerm modified mode [ 'faq.md', 420, 438 ]
53 silly gunzTarPerm extractEntry nodemonignore.example
54 silly gunzTarPerm modified mode [ 'nodemonignore.example', 420, 438 ]
55 verbose read json /var/folders/z7/743g4tt127vb0jzpx0z5gp8c0000gn/T/npm-30206/1365322289593-0.6233046490233392/package/package.json
56 silly lockFile c64e2f6f-89593-0-6233046490233392-package /var/folders/z7/743g4tt127vb0jzpx0z5gp8c0000gn/T/npm-30206/1365322289593-0.6233046490233392/package
57 verbose from cache /var/folders/z7/743g4tt127vb0jzpx0z5gp8c0000gn/T/npm-30206/1365322289593-0.6233046490233392/package/package.json
58 verbose tar pack [ '/Users/Robert/.npm/nodemon/0.7.6/package.tgz',
58 verbose tar pack   '/var/folders/z7/743g4tt127vb0jzpx0z5gp8c0000gn/T/npm-30206/1365322289593-0.6233046490233392/package' ]
59 verbose tarball /Users/Robert/.npm/nodemon/0.7.6/package.tgz
60 verbose folder /var/folders/z7/743g4tt127vb0jzpx0z5gp8c0000gn/T/npm-30206/1365322289593-0.6233046490233392/package
61 silly lockFile 2f8bfbe5-rt-npm-nodemon-0-7-6-package-tgz /Users/Robert/.npm/nodemon/0.7.6/package.tgz
62 verbose lock /Users/Robert/.npm/nodemon/0.7.6/package.tgz /Users/Robert/.npm/2f8bfbe5-rt-npm-nodemon-0-7-6-package-tgz.lock
63 silly lockFile 2f8bfbe5-rt-npm-nodemon-0-7-6-package-tgz /Users/Robert/.npm/nodemon/0.7.6/package.tgz
64 silly lockFile e546fd5a-Robert-npm-nodemon-0-7-6-package /Users/Robert/.npm/nodemon/0.7.6/package
65 verbose lock /Users/Robert/.npm/nodemon/0.7.6/package /Users/Robert/.npm/e546fd5a-Robert-npm-nodemon-0-7-6-package.lock
66 silly lockFile e546fd5a-Robert-npm-nodemon-0-7-6-package /Users/Robert/.npm/nodemon/0.7.6/package
67 verbose tar unpack /Users/Robert/.npm/nodemon/0.7.6/package.tgz
68 silly lockFile e546fd5a-Robert-npm-nodemon-0-7-6-package /Users/Robert/.npm/nodemon/0.7.6/package
69 verbose lock /Users/Robert/.npm/nodemon/0.7.6/package /Users/Robert/.npm/e546fd5a-Robert-npm-nodemon-0-7-6-package.lock
70 silly gunzTarPerm modes [ '777', '666' ]
71 silly gunzTarPerm extractEntry package.json
72 silly gunzTarPerm extractEntry .npmignore
73 silly gunzTarPerm extractEntry README.md
74 silly gunzTarPerm extractEntry nodemon.js
75 silly gunzTarPerm extractEntry faq.md
76 silly gunzTarPerm extractEntry nodemonignore.example
77 verbose read json /Users/Robert/.npm/nodemon/0.7.6/package/package.json
78 silly lockFile e546fd5a-Robert-npm-nodemon-0-7-6-package /Users/Robert/.npm/nodemon/0.7.6/package
79 silly shasum updated bytes 12252
80 info shasum 86c46d4228849173506afec7327c9cd22dd74540
80 info shasum /Users/Robert/.npm/nodemon/0.7.6/package.tgz
81 verbose from cache /Users/Robert/.npm/nodemon/0.7.6/package/package.json
82 verbose chmod /Users/Robert/.npm/nodemon/0.7.6/package.tgz 666
83 verbose chown /Users/Robert/.npm/nodemon/0.7.6/package.tgz [ 501, 20 ]
84 silly lockFile e4b60e85-js-org-nodemon-nodemon-0-7-6-tgz https://registry.npmjs.org/nodemon/-/nodemon-0.7.6.tgz
85 silly lockFile 44bdb9d0-nodemon-0-7-6 nodemon@0.7.6
86 silly lockFile 4f5e51c6-nodemon nodemon@
87 silly resolved [ { name: 'nodemon',
87 silly resolved     homepage: 'http://github.com/remy/nodemon',
87 silly resolved     author: { name: 'Remy Sharp', url: 'http://github.com/remy' },
87 silly resolved     bin: { nodemon: './nodemon.js' },
87 silly resolved     repository: { type: 'git', url: 'http://github.com/remy/nodemon.git' },
87 silly resolved     description: 'Simple monitor script for use during development of a node.js app.',
87 silly resolved     keywords:
87 silly resolved      [ 'monitor',
87 silly resolved        'development',
87 silly resolved        'restart',
87 silly resolved        'autoload',
87 silly resolved        'reload',
87 silly resolved        'terminal' ],
87 silly resolved     version: '0.7.6',
87 silly resolved     preferGlobal: 'true',
87 silly resolved     licenses: [ [Object] ],
87 silly resolved     main: './nodemon',
87 silly resolved     readme: '# nodemon\n\nFor use during development of a node.js based application. \n\nnodemon will watch the files in the directory that nodemon was started, and if they change, it will automatically restart your node application.\n\nnodemon does **not** require *any* changes to your code or method of development. nodemon simply wraps your node application and keeps an eye on any files that have changed. Remember that nodemon is a replacement wrapper for `node`, think of it as replacing the word "node" on the command line when you run your script.\n\n# Installation\n\nEither through forking or by using [npm](http://npmjs.org) (the recommended way):\n\n    npm install nodemon -g\n    \nAnd nodemon will be installed in to your bin path. Note that as of npm v1, you must explicitly tell npm to install globally as nodemon is a command line utility.\n\n# Usage\n\nnodemon wraps your application, so you can pass all the arguments you would normally pass to your app:\n\n    nodemon [your node app]\n\nFor example, if my application accepted a host and port as the arguments, I would start it as so:\n\n    nodemon ./server.js localhost 8080\n\nAny output from this script is prefixed with `[nodemon]`, otherwise all output from your application, errors included, will be echoed out as expected.\n\nnodemon also supports running and monitoring [coffee-script](http://jashkenas.github.com/coffee-script/) apps:\n\n    nodemon server.coffee\n\nIf no script is given, nodemon will test for a `package.json` file and if found, will run the file associated with the *main* property ([ref](https://github.com/remy/nodemon/issues/14)).\n\nYou can also pass the debug flag to node through the command line as you would normally:\n\n    nodemon --debug ./server.js 80\n\nIf you have a `package.json` file for your app, you can omit the main script entirely and nodemon will read the `package.json` for the `main` property and use that value as the app.\n\n# Automatic re-running\n\nnodemon was original written to restart hanging processes such as web servers, but now supports apps that cleanly exit. If your script exits cleanly, nodemon will continue to monitor the directory (or directories) and restart the script if there are any changes.\n\n# Running non-node scripts\n\nnodemon can also be used to execute and monitor other programs. nodemon will read the file extension of the script being run and monitor that extension instead of .js if there\'s no .nodemonignore:\n\n    nodemon --exec "python -v" ./app.py\n\nNow nodemon will run `app.py` with python in verbose mode (note that if you\'re not passing args to the exec program, you don\'t need the quotes), and look for new or modified files with the `.py` extension.\n\n# Monitoring multiple directories\n\nBy default nodemon monitors the current working directory. If you want to take control of that option, use the `--watch` option to add specific paths:\n\n    nodemon --watch app --watch libs app/server.js\n\nNow nodemon will only restart if there are changes in the `./app` or `./libs` directory. By default nodemon will traverse sub-directories, so there\'s no need in explicitly including sub-directories.\n\n# Specifying extension watch list\n\nBy default, nodemon looks for files with the `.js` extension. If you use the `--exec` option and monitor `app.py` nodemon will monitor files with the extension of `.py`. However, you can specify your own list with the `-e` switch like so:\n\n    nodemon --ext \'.js|.css|.html\'\n    \nOr with alternative syntax:\n\n    nodemon -e js,css,html\n\nNow nodemon will restart on any changes to files in the directory (or subdirectories) with the extensions .js, .css or .html.\n\n# Delaying restarting\n\nIn some situations, you may want to wait until a number of files have changed. The timeout before checking for new file changes is 1 second. If you\'re uploading a number of files and it\'s taking some number of seconds, this could cause your app to restart multiple time unnecessarily.\n\nTo add an extra throttle, or delay restarting, use the `--delay` command:\n\n    nodemon --delay 10 server.js\n\nThe delay figure is number of seconds to delay before restarting. So nodemon will only restart your app the given number of seconds after the *last* file change.\n\n# Ignoring files\n\nBy default, if nodemon will only restart when a `.js` JavaScript file changes.  In some cases you will want to ignore some specific files, directories or file patterns, to prevent nodemon from prematurely restarting your application.\n\nYou can use the [example ignore file](http://github.com/remy/nodemon/blob/master/nodemonignore.example) (note that this example file is not hidden - you must rename it to `.nodemonignore`) as a basis for your nodemon, but it\'s very simple to create your own:\n\n    # this is my ignore file with a nice comment at the top\n    \n    /vendor/*     # ignore all external submodules\n    /public/*     # static files\n    ./README.md   # a specific file\n    *.css         # ignore any CSS files too\n    :(\\d)*\\.js    # monitor javascript files with only digits in their name\n\nThe ignore file accepts:\n\n* Comments starting with a `#` symbol\n* Blank lines\n* Specific files\n* File patterns (this is converted to a regex, so you have full control of the pattern)\n* Unescaped regex\'s begining with `:`.\n\n**Note** the `.nodemonignore` file is read from the directory you run nodemon from, *not* from the location of the node script you\'re running.\n\n# Controlling shutdown of your script\n\nnodemon sends a kill signal to your application when it sees a file update. If you need to clean up on shutdown inside your script you can capture the kill signal and handle it yourself.\n\nThe following example will listen once for the `SIGUSR2` signal (used by nodemon to restart), run the clean up process and then kill itself for nodemon to continue control:\n\n    process.once(\'SIGUSR2\', function () {\n      gracefulShutdown(function () {\n        process.kill(process.pid, \'SIGUSR2\'); \n      })\n    });\n\nNote that the `process.kill` is *only* called once your shutdown jobs are complete. Hat tip to [Benjie Gillam](http://www.benjiegillam.com/2011/08/node-js-clean-restart-and-faster-development-with-nodemon/) for writing technique this up.\n\n# Help! My changes aren\'t being detected!\n\nnodemon has three potential methods it uses to look for file changes. First, it polls using the find command to search for files modified within the last second. This method works on systems with a BSD based find (Mac, for example). \n\nNext it tries using node\'s `fs.watch`. `fs.watch` will not always work however, and nodemon will try and detect if this is the case by writing a file to the tmp directory and seeing if fs.watch is triggered when it\'s removed. If nodemon finds that fs.watch was not triggered, it will then fall back to the third method (called legacy watch), which works by statting each file in your working directory looking for changes to the last modified time. This is the most cpu intensive method, but it may be the only option on some systems.\n\nIn certain cases, like when where you are working on a different drive than your tmp directory is on, `fs.watch` may give you a false positive. You can force nodemon to start using the most compatible legacy method by passing the -L switch, e.g. `nodemon -L /my/odd/file.js`.\n\n# License\n\nMIT [http://rem.mit-license.org](http://rem.mit-license.org)\n',
87 silly resolved     _id: 'nodemon@0.7.6',
87 silly resolved     dist: { shasum: '86c46d4228849173506afec7327c9cd22dd74540' },
87 silly resolved     _from: 'nodemon' } ]
88 info install nodemon@0.7.6 into /usr/local/lib
89 info installOne nodemon@0.7.6
90 verbose from cache /Users/Robert/.npm/nodemon/0.7.6/package/package.json
91 info /usr/local/lib/node_modules/nodemon unbuild
92 verbose read json /usr/local/lib/node_modules/nodemon/package.json
93 verbose tar unpack /Users/Robert/.npm/nodemon/0.7.6/package.tgz
94 silly lockFile 49f7ed19-r-local-lib-node-modules-nodemon /usr/local/lib/node_modules/nodemon
95 verbose lock /usr/local/lib/node_modules/nodemon /Users/Robert/.npm/49f7ed19-r-local-lib-node-modules-nodemon.lock
96 silly gunzTarPerm modes [ '777', '666' ]
97 error Error: EACCES, mkdir '/usr/local/lib/node_modules/nodemon'
97 error  { [Error: EACCES, mkdir '/usr/local/lib/node_modules/nodemon']
97 error   errno: 3,
97 error   code: 'EACCES',
97 error   path: '/usr/local/lib/node_modules/nodemon',
97 error   fstream_type: 'Directory',
97 error   fstream_path: '/usr/local/lib/node_modules/nodemon',
97 error   fstream_class: 'DirWriter',
97 error   fstream_stack:
97 error    [ 'DirWriter._create (/usr/local/lib/node_modules/npm/node_modules/fstream/lib/dir-writer.js:36:23)',
97 error      '/usr/local/lib/node_modules/npm/node_modules/mkdirp/index.js:37:53',
97 error      'Object.oncomplete (fs.js:297:15)' ] }
98 error Please try running this command again as root/Administrator.
99 error System Darwin 12.2.1
100 error command "node" "/usr/local/bin/npm" "install" "-g" "nodemon"
101 error cwd /Users/Robert/Code/Cnvrt.js
102 error node -v v0.8.8
103 error npm -v 1.1.59
104 error path /usr/local/lib/node_modules/nodemon
105 error fstream_path /usr/local/lib/node_modules/nodemon
106 error fstream_type Directory
107 error fstream_class DirWriter
108 error code EACCES
109 error errno 3
110 error stack Error: EACCES, mkdir '/usr/local/lib/node_modules/nodemon'
111 error fstream_stack DirWriter._create (/usr/local/lib/node_modules/npm/node_modules/fstream/lib/dir-writer.js:36:23)
111 error fstream_stack /usr/local/lib/node_modules/npm/node_modules/mkdirp/index.js:37:53
111 error fstream_stack Object.oncomplete (fs.js:297:15)
112 verbose exit [ 3, true ]
